<?xml version="1.0" encoding="UTF-8"?>
<testng-results ignored="0" total="0" passed="0" failed="0" skipped="0">
  <reporter-output>
  </reporter-output>
  <suite started-at="2022-06-14T14:03:47 IST" name="ShopifyTestNG" finished-at="2022-06-14T14:03:47 IST" duration-ms="9">
    <groups>
    </groups>
    <test started-at="2022-06-14T14:03:47 IST" name="Shopify" finished-at="2022-06-14T14:03:47 IST" duration-ms="9">
    </test> <!-- Shopify -->
  </suite> <!-- ShopifyTestNG -->
</testng-results>
